======================================================================
MANIFOLD INFERENCE: per-token width × length
======================================================================
Loading weights:   0%|          | 0/443 [00:00<?, ?it/s]Loading weights: 100%|██████████| 443/443 [00:00<00:00, 22959.63it/s]
L=40 H=5120 heads=40 kv=8
The following generation flags are not valid and may be ignored: ['temperature', 'top_p', 'top_k']. Set `TRANSFORMERS_VERBOSITY=info` for more details.
The attention mask is not set and cannot be inferred from input because pad token is same as eos token. As a consequence, you may observe unexpected behavior. Please pass your input's `attention_mask` to obtain reliable results.
/home/cpinchington/MedusaBitNet/.venv/lib64/python3.14/site-packages/transformers/integrations/sdpa_attention.py:92: UserWarning: Flash Efficient attention on Current AMD GPU is still experimental. Enable it with TORCH_ROCM_AOTRITON_ENABLE_EXPERIMENTAL=1. (Triggered internally at /__w/TheRock/TheRock/external-builds/pytorch/pytorch/aten/src/ATen/native/transformers/hip/sdp_utils.cpp:323.)
  attn_output = torch.nn.functional.scaled_dot_product_attention(
/home/cpinchington/MedusaBitNet/.venv/lib64/python3.14/site-packages/transformers/integrations/sdpa_attention.py:92: UserWarning: Mem Efficient attention on Current AMD GPU is still experimental. Enable it with TORCH_ROCM_AOTRITON_ENABLE_EXPERIMENTAL=1. (Triggered internally at /__w/TheRock/TheRock/external-builds/pytorch/pytorch/aten/src/ATen/native/transformers/hip/sdp_utils.cpp:383.)
  attn_output = torch.nn.functional.scaled_dot_product_attention(
Baseline: 5.8 tok/s [ be shaped by the interplay of three key forces: the exponen]

                   Config   tok/s  speedup text
--------------------------------------------------------------------------------
Traceback (most recent call last):
  File "/home/cpinchington/Exponential-Inference/machines/strix_halo/scripts/manifold_inference.py", line 145, in <module>
    logits = manifold_forward(model, gen_ids, n_heads, n_layers)
  File "/home/cpinchington/Exponential-Inference/machines/strix_halo/scripts/manifold_inference.py", line 95, in manifold_forward
    q, k = apply_rotary(q, k, cos, sin)
           ~~~~~~~~~~~~^^^^^^^^^^^^^^^^
  File "/home/cpinchington/Exponential-Inference/machines/strix_halo/scripts/manifold_inference.py", line 132, in apply_rotary
    return rotate(q, cos, sin), rotate(k, cos, sin)
           ~~~~~~^^^^^^^^^^^^^
  File "/home/cpinchington/Exponential-Inference/machines/strix_halo/scripts/manifold_inference.py", line 130, in rotate
    return torch.cat([x1 * cos - x2 * sin, x2 * cos + x1 * sin], dim=-1)
                      ~~~^~~~~
RuntimeError: The size of tensor a (64) must match the size of tensor b (128) at non-singleton dimension 3
