======================================================================
SPARSE FORWARD: actual head skip via weight slicing
======================================================================
Loading weights:   0%|          | 0/443 [00:00<?, ?it/s]Loading weights: 100%|██████████| 443/443 [00:00<00:00, 23503.00it/s]
L=40 H=5120 heads=40 kv=8 gqa=5:1
The following generation flags are not valid and may be ignored: ['temperature', 'top_p', 'top_k']. Set `TRANSFORMERS_VERBOSITY=info` for more details.
The attention mask is not set and cannot be inferred from input because pad token is same as eos token. As a consequence, you may observe unexpected behavior. Please pass your input's `attention_mask` to obtain reliable results.
/home/cpinchington/MedusaBitNet/.venv/lib64/python3.14/site-packages/transformers/integrations/sdpa_attention.py:92: UserWarning: Flash Efficient attention on Current AMD GPU is still experimental. Enable it with TORCH_ROCM_AOTRITON_ENABLE_EXPERIMENTAL=1. (Triggered internally at /__w/TheRock/TheRock/external-builds/pytorch/pytorch/aten/src/ATen/native/transformers/hip/sdp_utils.cpp:323.)
  attn_output = torch.nn.functional.scaled_dot_product_attention(
/home/cpinchington/MedusaBitNet/.venv/lib64/python3.14/site-packages/transformers/integrations/sdpa_attention.py:92: UserWarning: Mem Efficient attention on Current AMD GPU is still experimental. Enable it with TORCH_ROCM_AOTRITON_ENABLE_EXPERIMENTAL=1. (Triggered internally at /__w/TheRock/TheRock/external-builds/pytorch/pytorch/aten/src/ATen/native/transformers/hip/sdp_utils.cpp:383.)
  attn_output = torch.nn.functional.scaled_dot_product_attention(
Baseline: 5.8 tok/s [ be shaped by the interplay of three key forces: the exponen]

Sparse forward (actual compute skip):
   Heads  Layers  Compute%   tok/s  speedup text
--------------------------------------------------------------------------------
  40/40h  40/40L   100.0%    3.7    0.64x  be shaped by the interplay of three key
  20/40h  40/40L    50.0%    4.5    0.78x  be shaped by the people who use it, and
  20/40h  30/40L    37.5%    5.9    1.02x  be either either/OR/OR/OR其中之一توجnumerus
  10/40h  40/40L    25.0%    5.0    0.86x 
las.1戎ed,eq

 

eq
 1922222
 22

22222

  10/40h  30/40L    18.8%    6.6    1.14x dbuf#ab當您在oguiosate tận會員註冊會員註冊无数无数然是;el
   5/40h  40/40L    12.5%    5.1    0.89x _VEC靳_hdl_hdl靳

绛hift堙宏 ,暗暗(?.EXPalon習習t

Baseline: 5.8 tok/s
Saved sparse_forward.json
