/Users/abundancemachine/Exponential-Inference/.venv/lib/python3.9/site-packages/urllib3/__init__.py:35: NotOpenSSLWarning: urllib3 v2 only supports OpenSSL 1.1.1+, currently the 'ssl' module is compiled with 'LibreSSL 2.8.3'. See: https://github.com/urllib3/urllib3/issues/3020
  warnings.warn(
device=mps dtype=torch.float32
Loading tokens...
Sweeping layers: [0, 1, 2, 3, 4, 5, 6, 7, 8, 9, 10, 11, 12, 13, 14, 15, 16, 17, 18, 19, 20, 21, 22, 23, 24, 25, 26, 27]
  d_model=1024, n_kv=8, n_attn=16, head_dim=128

============================================================
  Layer 0 → predict (K, V, Q) at layer 14, offset 1
============================================================
  Layer 0 val: cos_k=0.643  cos_v=0.224  cos_q=0.395

============================================================
  Layer 1 → predict (K, V, Q) at layer 14, offset 1
============================================================
  Layer 1 val: cos_k=0.713  cos_v=0.301  cos_q=0.411

============================================================
  Layer 2 → predict (K, V, Q) at layer 14, offset 1
============================================================
  Layer 2 val: cos_k=0.727  cos_v=0.317  cos_q=0.430

============================================================
  Layer 3 → predict (K, V, Q) at layer 14, offset 1
============================================================
  Layer 3 val: cos_k=0.709  cos_v=0.307  cos_q=0.421

============================================================
  Layer 4 → predict (K, V, Q) at layer 14, offset 1
============================================================
  Layer 4 val: cos_k=0.722  cos_v=0.335  cos_q=0.426

============================================================
  Layer 5 → predict (K, V, Q) at layer 14, offset 1
============================================================
  Layer 5 val: cos_k=0.733  cos_v=0.341  cos_q=0.429

============================================================
  Layer 6 → predict (K, V, Q) at layer 14, offset 1
============================================================
  Layer 6 val: cos_k=0.733  cos_v=0.371  cos_q=0.437

============================================================
  Layer 7 → predict (K, V, Q) at layer 14, offset 1
============================================================
  Layer 7 val: cos_k=0.747  cos_v=0.363  cos_q=0.434

============================================================
  Layer 8 → predict (K, V, Q) at layer 14, offset 1
============================================================
  Layer 8 val: cos_k=0.738  cos_v=0.370  cos_q=0.439

============================================================
  Layer 9 → predict (K, V, Q) at layer 14, offset 1
============================================================
  Layer 9 val: cos_k=0.752  cos_v=0.396  cos_q=0.443

============================================================
  Layer 10 → predict (K, V, Q) at layer 14, offset 1
============================================================
  Layer 10 val: cos_k=0.750  cos_v=0.397  cos_q=0.444

============================================================
  Layer 11 → predict (K, V, Q) at layer 14, offset 1
============================================================
  Layer 11 val: cos_k=0.771  cos_v=0.422  cos_q=0.454

============================================================
  Layer 12 → predict (K, V, Q) at layer 14, offset 1
============================================================
  Layer 12 val: cos_k=0.759  cos_v=0.410  cos_q=0.445

============================================================
  Layer 13 → predict (K, V, Q) at layer 14, offset 1
============================================================
  Layer 13 val: cos_k=0.778  cos_v=0.427  cos_q=0.451

============================================================
  Layer 14 → predict (K, V, Q) at layer 14, offset 1
============================================================
  Layer 14 val: cos_k=0.777  cos_v=0.448  cos_q=0.454

============================================================
  Layer 15 → predict (K, V, Q) at layer 14, offset 1
============================================================
  Layer 15 val: cos_k=0.792  cos_v=0.448  cos_q=0.463

============================================================
  Layer 16 → predict (K, V, Q) at layer 14, offset 1
============================================================
  Layer 16 val: cos_k=0.787  cos_v=0.452  cos_q=0.460

============================================================
  Layer 17 → predict (K, V, Q) at layer 14, offset 1
============================================================
  Layer 17 val: cos_k=0.792  cos_v=0.442  cos_q=0.459

============================================================
  Layer 18 → predict (K, V, Q) at layer 14, offset 1
============================================================
  Layer 18 val: cos_k=0.787  cos_v=0.415  cos_q=0.454

============================================================
  Layer 19 → predict (K, V, Q) at layer 14, offset 1
============================================================
  Layer 19 val: cos_k=0.790  cos_v=0.420  cos_q=0.456

============================================================
  Layer 20 → predict (K, V, Q) at layer 14, offset 1
============================================================
  Layer 20 val: cos_k=0.784  cos_v=0.409  cos_q=0.449

============================================================
  Layer 21 → predict (K, V, Q) at layer 14, offset 1
============================================================
  Layer 21 val: cos_k=0.777  cos_v=0.377  cos_q=0.444

============================================================
  Layer 22 → predict (K, V, Q) at layer 14, offset 1
============================================================
  Layer 22 val: cos_k=0.768  cos_v=0.319  cos_q=0.430

============================================================
  Layer 23 → predict (K, V, Q) at layer 14, offset 1
============================================================
  Layer 23 val: cos_k=0.750  cos_v=0.321  cos_q=0.424

============================================================
  Layer 24 → predict (K, V, Q) at layer 14, offset 1
============================================================
  Layer 24 val: cos_k=0.762  cos_v=0.295  cos_q=0.423

============================================================
  Layer 25 → predict (K, V, Q) at layer 14, offset 1
============================================================
  Layer 25 val: cos_k=0.753  cos_v=0.245  cos_q=0.409

============================================================
  Layer 26 → predict (K, V, Q) at layer 14, offset 1
============================================================
  Layer 26 val: cos_k=0.728  cos_v=0.240  cos_q=0.409

============================================================
  Layer 27 → predict (K, V, Q) at layer 14, offset 1
============================================================
  Layer 27 val: cos_k=0.724  cos_v=0.196  cos_q=0.406

============================================================
LAYER SWEEP SUMMARY
============================================================
  layer   cos_k     cos_v     cos_q     
  L=0     0.643     0.224     0.395     
  L=1     0.713     0.301     0.411     
  L=2     0.727     0.317     0.430     
  L=3     0.709     0.307     0.421     
  L=4     0.723     0.335     0.426     
  L=5     0.733     0.341     0.429     
  L=6     0.733     0.371     0.437     
  L=7     0.747     0.363     0.433     
  L=8     0.738     0.370     0.439     
  L=9     0.752     0.396     0.443     
  L=10    0.750     0.397     0.444     
  L=11    0.771     0.422     0.454     
  L=12    0.759     0.410     0.445     
  L=13    0.778     0.427     0.451     
  L=14    0.777     0.448     0.454     
  L=15    0.792     0.448     0.463     
  L=16    0.787     0.452     0.461     
  L=17    0.792     0.442     0.459     
  L=18    0.787     0.415     0.454     
  L=19    0.790     0.420     0.456     
  L=20    0.784     0.409     0.449     
  L=21    0.777     0.377     0.444     
  L=22    0.768     0.319     0.430     
  L=23    0.750     0.321     0.424     
  L=24    0.762     0.295     0.423     
  L=25    0.753     0.245     0.409     
  L=26    0.728     0.240     0.409     
  L=27    0.724     0.196     0.406     

  Best for K: layer 15 (cos_k=0.792)
  Best for V: layer 16 (cos_v=0.452)
  Best for Q: layer 15 (cos_q=0.463)

Saved results/pipeline_kv_medusa_06b_layer_sweep.json
