/Users/abundancemachine/Exponential-Inference/.venv/lib/python3.9/site-packages/urllib3/__init__.py:35: NotOpenSSLWarning: urllib3 v2 only supports OpenSSL 1.1.1+, currently the 'ssl' module is compiled with 'LibreSSL 2.8.3'. See: https://github.com/urllib3/urllib3/issues/3020
  warnings.warn(
device=mps dtype=torch.float32
Loading heads + decoder...

======================================================================
PROMPT: 'The future of artificial intelligence depends on'
======================================================================

--- BASELINE (greedy LM head) ---
The future of artificial intelligence depends on the ability to create a system that can understand and respond to the world around it. This is the core of the AI research field. However, the current state of AI research is still in the early stages, with many challenges and limitations. The development of AI systems is a complex process that requires a lot of resources and expertise. The challenge lies in the fact that AI systems are still in the early

self-PPL: 3.46, mean NLL: 1.241

--- DECODER-AS-LM (K+V+Q whitened) ---
The future of artificial intelligence depends on how to have a new, new year. This is the first time in the world, a new European Union, a new European Congress of Congress, and the most likely reason for the rise of the EU's political and political, and the most likely to be the most likely for the government, which is the same as the same, and the same, but only a few people think that this is

self-PPL: 19.41, mean NLL: 2.966

======================================================================
PROMPT: 'In the early morning, the city was quiet, and'
======================================================================

--- BASELINE (greedy LM head) ---
In the early morning, the city was quiet, and the streets were empty. The sky was blue, and the trees were silent. The wind was gentle, and the air was cool. The city was quiet, and the streets were empty. The sky was blue, and the trees were silent. The wind was gentle, and the air was cool. The city was quiet, and the streets were empty. The sky was blue, and the trees were

self-PPL: 2.35, mean NLL: 0.853

--- DECODER-AS-LM (K+V+Q whitened) ---
In the early morning, the city was quiet, and the weather is very difficult. He was not able to see any of the most important, or any of the most likely, or any of the 2000s, but they were able to do it. He was also not to be a man of the city. He was not to be a man of the city. 2011, the first, first, and 

self-PPL: 13.86, mean NLL: 2.629

======================================================================
PROMPT: 'Once upon a time, there was a small village where'
======================================================================

--- BASELINE (greedy LM head) ---
Once upon a time, there was a small village where the people lived in a small house. The village was not very large, but it had a lot of people. The village was surrounded by a forest, and the forest was very large. The village had a small river that ran through it. The village had a small house that was built on the ground. The village had a small river that ran through it. The village had a small house that

self-PPL: 2.94, mean NLL: 1.079

--- DECODER-AS-LM (K+V+Q whitened) ---
Once upon a time, there was a small village where a man had been afraid about his own self-earging, a few years ago, the first of the most most likely to be the first to have a new, more solid and more volatile energy, the same time that's the same way they were going to get to the ground. It was a good idea for the city, but the first, most likely to be the same thing, and

self-PPL: 32.35, mean NLL: 3.477


Saved results/pipeline_kv_medusa_06b_decoder_as_lm.json
