/Users/abundancemachine/Exponential-Inference/.venv/lib/python3.9/site-packages/urllib3/__init__.py:35: NotOpenSSLWarning: urllib3 v2 only supports OpenSSL 1.1.1+, currently the 'ssl' module is compiled with 'LibreSSL 2.8.3'. See: https://github.com/urllib3/urllib3/issues/3020
  warnings.warn(
device=mps dtype=torch.float32
Loading Eagle drafter...
Loading 5 Medusa heads...
  Total trainable params: 28.31M
Loading tokens...

============================================================
JOINT TRAINING — Eagle + Medusa + combiner
============================================================

  step  100: loss=5.411
    eagle acc:    0.25 0.25 0.00 0.00 0.00
    medusa acc:   0.50 0.25 0.00 0.00 0.00
    combined acc: 0.75 0.25 0.00 0.00 0.00
    α (eagle wt): 0.50 0.50 0.50 0.50 0.50
  step  200: loss=6.500
    eagle acc:    0.50 0.00 0.00 0.00 0.00
    medusa acc:   0.75 0.00 0.00 0.00 0.00
    combined acc: 0.75 0.00 0.00 0.25 0.00
    α (eagle wt): 0.49 0.50 0.50 0.50 0.50
  step  300: loss=5.926
    eagle acc:    0.00 0.00 0.00 0.00 0.00
    medusa acc:   1.00 0.00 0.00 0.00 0.00
    combined acc: 0.50 0.00 0.00 0.00 0.00
    α (eagle wt): 0.49 0.50 0.50 0.50 0.50
  step  400: loss=5.657
    eagle acc:    0.50 0.00 0.00 0.00 0.00
    medusa acc:   1.00 0.00 0.00 0.25 0.00
    combined acc: 0.75 0.00 0.00 0.25 0.00
    α (eagle wt): 0.48 0.50 0.50 0.50 0.50
  step  500: loss=4.539
    eagle acc:    0.75 0.00 0.00 0.00 0.00
    medusa acc:   0.75 0.50 0.25 0.00 0.25
    combined acc: 0.75 0.50 0.25 0.00 0.50
    α (eagle wt): 0.48 0.50 0.50 0.50 0.50
  step  600: loss=4.723
    eagle acc:    0.00 0.25 0.00 0.00 0.00
    medusa acc:   0.75 0.00 0.00 0.00 0.00
    combined acc: 0.50 0.00 0.00 0.00 0.00
    α (eagle wt): 0.47 0.50 0.50 0.50 0.50
  step  700: loss=4.590
    eagle acc:    0.25 0.00 0.00 0.00 0.00
    medusa acc:   0.75 0.25 0.25 0.25 0.00
    combined acc: 0.75 0.25 0.00 0.00 0.25
    α (eagle wt): 0.47 0.50 0.50 0.50 0.50
  step  800: loss=4.787
    eagle acc:    0.25 0.00 0.00 0.00 0.00
    medusa acc:   0.75 0.25 0.00 0.00 0.00
    combined acc: 0.50 0.50 0.00 0.00 0.00
    α (eagle wt): 0.46 0.50 0.51 0.51 0.51
  step  900: loss=5.491
    eagle acc:    0.00 0.00 0.25 0.25 0.00
    medusa acc:   0.75 0.00 0.00 0.00 0.00
    combined acc: 0.75 0.00 0.50 0.00 0.25
    α (eagle wt): 0.46 0.50 0.51 0.51 0.51
  step 1000: loss=5.052
    eagle acc:    0.50 0.00 0.00 0.00 0.00
    medusa acc:   0.75 0.25 0.00 0.00 0.00
    combined acc: 0.50 0.25 0.00 0.00 0.00
    α (eagle wt): 0.45 0.50 0.51 0.51 0.51
  step 1100: loss=4.229
    eagle acc:    0.00 0.00 0.00 0.00 0.00
    medusa acc:   0.50 0.00 0.50 0.25 0.00
    combined acc: 0.50 0.25 0.50 0.00 0.00
    α (eagle wt): 0.45 0.50 0.51 0.51 0.51
  step 1200: loss=4.438
    eagle acc:    0.50 0.00 0.00 0.00 0.00
    medusa acc:   0.25 0.00 0.00 0.00 0.25
    combined acc: 0.50 0.00 0.00 0.00 0.00
    α (eagle wt): 0.45 0.50 0.51 0.51 0.51
/Applications/Xcode.app/Contents/Developer/Library/Frameworks/Python3.framework/Versions/3.9/lib/python3.9/multiprocessing/resource_tracker.py:216: UserWarning: resource_tracker: There appear to be 1 leaked semaphore objects to clean up at shutdown
  warnings.warn('resource_tracker: There appear to be %d '
