/Users/abundancemachine/Exponential-Inference/.venv/lib/python3.9/site-packages/urllib3/__init__.py:35: NotOpenSSLWarning: urllib3 v2 only supports OpenSSL 1.1.1+, currently the 'ssl' module is compiled with 'LibreSSL 2.8.3'. See: https://github.com/urllib3/urllib3/issues/3020
  warnings.warn(
device=mps dtype=torch.float32
Loading OWT corpus...
  val=2048  train=1000000

Measuring T0 (base FP)...
  T0 = 4.2487

Building enabled architecture...
  installed: {'n_quantized': 196, 'n_residual_gain_layers': 28, 'n_subln': 56, 'n_head_scaled': 28}
  γ=0 verify: ce=4.2487 Δ=+0.000000
  γ=1 verify: ce=16.3600 Δ=+12.1113

Trainable lever params: 545,272  Frozen body: 596,049,920

────────────────────────────────────────────────────────────
PID anneal: 5000 steps batch=1 seq=64
────────────────────────────────────────────────────────────
  step  50 γ=0.05  ce=4.0599 Δ=-0.1888  loss=4.363  gate=0.001  bias=0.161  a_g=0.003 m_g=0.003  [γ 0.00→0.05 +]  25s
  step 100 γ=0.10  ce=4.1231 Δ=-0.1256  loss=3.420  gate=-0.000  bias=0.219  a_g=0.004 m_g=0.004  [γ 0.05→0.10 +]  51s
  step 150 γ=0.15  ce=4.1700 Δ=-0.0787  loss=3.573  gate=-0.001  bias=0.267  a_g=0.005 m_g=0.005  [γ 0.10→0.15 +]  76s
  step 200 γ=0.20  ce=4.2261 Δ=-0.0226  loss=3.530  gate=-0.003  bias=0.309  a_g=0.006 m_g=0.006  [γ 0.15→0.20 +]  102s
  step 250 γ=0.20  ce=4.3095 Δ=+0.0608  loss=3.412  gate=-0.002  bias=0.362  a_g=0.007 m_g=0.007  [γ 0.20 hold]  127s
  step 300 γ=0.25  ce=4.2608 Δ=+0.0121  loss=4.269  gate=-0.000  bias=0.402  a_g=0.008 m_g=0.008  [γ 0.20→0.25 +]  152s
  step 350 γ=0.25  ce=4.4423 Δ=+0.1936  loss=5.915  gate=-0.001  bias=0.454  a_g=0.009 m_g=0.009  [γ 0.25 hold]  178s
  step 400 γ=0.25  ce=4.3723 Δ=+0.1236  loss=5.121  gate=-0.000  bias=0.492  a_g=0.009 m_g=0.009  [γ 0.25 hold]  203s
  step 450 γ=0.25  ce=4.3553 Δ=+0.1066  loss=4.394  gate=0.001  bias=0.526  a_g=0.010 m_g=0.010  [γ 0.25 hold]  229s
  step 500 γ=0.25  ce=4.3551 Δ=+0.1064  loss=5.187  gate=0.002  bias=0.553  a_g=0.011 m_g=0.010  [γ 0.25 hold]  255s
  step 550 γ=0.25  ce=4.3528 Δ=+0.1041  loss=5.807  gate=0.001  bias=0.582  a_g=0.011 m_g=0.011  [γ 0.25 hold]  281s
  step 600 γ=0.25  ce=4.3287 Δ=+0.0800  loss=3.945  gate=0.002  bias=0.607  a_g=0.012 m_g=0.012  [γ 0.25 hold]  308s
  step 650 γ=0.25  ce=4.3200 Δ=+0.0713  loss=3.637  gate=0.002  bias=0.628  a_g=0.012 m_g=0.012  [γ 0.25 hold]  336s
  step 700 γ=0.25  ce=4.3524 Δ=+0.1038  loss=4.434  gate=0.002  bias=0.650  a_g=0.012 m_g=0.013  [γ 0.25 hold]  364s
  step 750 γ=0.25  ce=4.3536 Δ=+0.1049  loss=3.905  gate=0.002  bias=0.674  a_g=0.013 m_g=0.013  [γ 0.25 hold]  392s
  step 800 γ=0.25  ce=4.3174 Δ=+0.0687  loss=4.687  gate=0.003  bias=0.696  a_g=0.013 m_g=0.014  [γ 0.25 hold]  419s
  step 850 γ=0.25  ce=4.3390 Δ=+0.0903  loss=4.449  gate=0.004  bias=0.715  a_g=0.014 m_g=0.014  [γ 0.25 hold]  448s
  step 900 γ=0.25  ce=4.3119 Δ=+0.0632  loss=4.199  gate=0.003  bias=0.733  a_g=0.014 m_g=0.015  [γ 0.25 hold]  476s
  step 950 γ=0.25  ce=4.3301 Δ=+0.0814  loss=3.728  gate=0.003  bias=0.752  a_g=0.014 m_g=0.015  [γ 0.25 hold]  504s
  step 1000 γ=0.25  ce=4.3223 Δ=+0.0736  loss=3.606  gate=0.004  bias=0.774  a_g=0.015 m_g=0.015  [γ 0.25 hold]  532s
  step 1050 γ=0.25  ce=4.3226 Δ=+0.0739  loss=3.553  gate=0.004  bias=0.789  a_g=0.015 m_g=0.016  [γ 0.25 hold]  560s
  step 1100 γ=0.30  ce=4.2714 Δ=+0.0227  loss=3.907  gate=0.004  bias=0.806  a_g=0.015 m_g=0.016  [γ 0.25→0.30 +]  589s
  step 1150 γ=0.20  ce=4.4912 Δ=+0.2425  loss=4.481  gate=0.005  bias=0.833  a_g=0.016 m_g=0.017  [γ 0.30→0.20 −]  617s
  step 1200 γ=0.25  ce=4.2254 Δ=-0.0233  loss=4.858  gate=0.007  bias=0.839  a_g=0.016 m_g=0.017  [γ 0.20→0.25 +]  646s
  step 1250 γ=0.30  ce=4.2736 Δ=+0.0249  loss=3.989  gate=0.007  bias=0.854  a_g=0.016 m_g=0.017  [γ 0.25→0.30 +]  674s
  step 1300 γ=0.30  ce=4.4354 Δ=+0.1867  loss=5.517  gate=0.006  bias=0.879  a_g=0.017 m_g=0.018  [γ 0.30 hold]  703s
  step 1350 γ=0.30  ce=4.4037 Δ=+0.1551  loss=4.578  gate=0.005  bias=0.902  a_g=0.017 m_g=0.018  [γ 0.30 hold]  732s
  step 1400 γ=0.30  ce=4.3853 Δ=+0.1366  loss=4.072  gate=0.006  bias=0.923  a_g=0.017 m_g=0.019  [γ 0.30 hold]  760s
  step 1450 γ=0.30  ce=4.3347 Δ=+0.0860  loss=5.134  gate=0.005  bias=0.941  a_g=0.018 m_g=0.019  [γ 0.30 hold]  789s
  step 1500 γ=0.30  ce=4.3402 Δ=+0.0915  loss=4.849  gate=0.006  bias=0.958  a_g=0.018 m_g=0.020  [γ 0.30 hold]  818s
  step 1550 γ=0.30  ce=4.3886 Δ=+0.1399  loss=4.045  gate=0.006  bias=0.977  a_g=0.019 m_g=0.020  [γ 0.30 hold]  847s
  step 1600 γ=0.30  ce=4.3628 Δ=+0.1141  loss=4.894  gate=0.006  bias=0.994  a_g=0.019 m_g=0.020  [γ 0.30 hold]  876s
  step 1650 γ=0.30  ce=4.3481 Δ=+0.0994  loss=4.438  gate=0.007  bias=1.011  a_g=0.019 m_g=0.021  [γ 0.30 hold]  904s
  step 1700 γ=0.30  ce=4.3459 Δ=+0.0972  loss=3.968  gate=0.008  bias=1.027  a_g=0.020 m_g=0.021  [γ 0.30 hold]  933s
  step 1750 γ=0.30  ce=4.3776 Δ=+0.1289  loss=4.336  gate=0.007  bias=1.041  a_g=0.020 m_g=0.022  [γ 0.30 hold]  962s
  step 1800 γ=0.30  ce=4.3451 Δ=+0.0964  loss=4.658  gate=0.007  bias=1.056  a_g=0.020 m_g=0.022  [γ 0.30 hold]  991s
  step 1850 γ=0.30  ce=4.4001 Δ=+0.1514  loss=5.344  gate=0.008  bias=1.069  a_g=0.020 m_g=0.022  [γ 0.30 hold]  1020s
  step 1900 γ=0.30  ce=4.3348 Δ=+0.0861  loss=3.982  gate=0.008  bias=1.082  a_g=0.021 m_g=0.023  [γ 0.30 hold]  1049s
  step 1950 γ=0.30  ce=4.3437 Δ=+0.0950  loss=4.145  gate=0.007  bias=1.098  a_g=0.021 m_g=0.023  [γ 0.30 hold]  1078s
  step 2000 γ=0.30  ce=4.3635 Δ=+0.1148  loss=4.236  gate=0.007  bias=1.113  a_g=0.021 m_g=0.023  [γ 0.30 hold]  1108s
  step 2050 γ=0.30  ce=4.3588 Δ=+0.1101  loss=3.495  gate=0.007  bias=1.127  a_g=0.021 m_g=0.024  [γ 0.30 hold]  1137s
  step 2100 γ=0.30  ce=4.3099 Δ=+0.0612  loss=3.545  gate=0.008  bias=1.139  a_g=0.022 m_g=0.024  [γ 0.30 hold]  1166s
  step 2150 γ=0.30  ce=4.3001 Δ=+0.0514  loss=3.932  gate=0.007  bias=1.152  a_g=0.022 m_g=0.024  [γ 0.30 hold]  1195s
  step 2200 γ=0.30  ce=4.3052 Δ=+0.0565  loss=4.990  gate=0.007  bias=1.167  a_g=0.022 m_g=0.025  [γ 0.30 hold]  1224s
  step 2250 γ=0.30  ce=4.3347 Δ=+0.0860  loss=3.494  gate=0.007  bias=1.180  a_g=0.023 m_g=0.025  [γ 0.30 hold]  1253s
  step 2300 γ=0.30  ce=4.3671 Δ=+0.1184  loss=3.987  gate=0.007  bias=1.194  a_g=0.023 m_g=0.025  [γ 0.30 hold]  1282s
  step 2350 γ=0.30  ce=4.3266 Δ=+0.0780  loss=3.923  gate=0.008  bias=1.205  a_g=0.023 m_g=0.026  [γ 0.30 hold]  1311s
  step 2400 γ=0.35  ce=4.2969 Δ=+0.0482  loss=4.544  gate=0.007  bias=1.218  a_g=0.023 m_g=0.026  [γ 0.30→0.35 +]  1341s
  step 2450 γ=0.35  ce=4.3914 Δ=+0.1427  loss=4.166  gate=0.007  bias=1.237  a_g=0.024 m_g=0.026  [γ 0.35 hold]  1370s
  step 2500 γ=0.35  ce=4.4290 Δ=+0.1803  loss=4.840  gate=0.008  bias=1.255  a_g=0.024 m_g=0.027  [γ 0.35 hold]  1399s
  step 2550 γ=0.35  ce=4.3879 Δ=+0.1392  loss=4.467  gate=0.008  bias=1.273  a_g=0.024 m_g=0.027  [γ 0.35 hold]  1428s
  step 2600 γ=0.35  ce=4.3516 Δ=+0.1029  loss=4.183  gate=0.008  bias=1.290  a_g=0.024 m_g=0.027  [γ 0.35 hold]  1457s
  step 2650 γ=0.35  ce=4.4138 Δ=+0.1651  loss=3.785  gate=0.009  bias=1.306  a_g=0.025 m_g=0.028  [γ 0.35 hold]  1486s
  step 2700 γ=0.35  ce=4.4188 Δ=+0.1701  loss=3.964  gate=0.009  bias=1.322  a_g=0.025 m_g=0.028  [γ 0.35 hold]  1516s
  step 2750 γ=0.35  ce=4.4240 Δ=+0.1753  loss=3.001  gate=0.010  bias=1.336  a_g=0.025 m_g=0.028  [γ 0.35 hold]  1545s
  step 2800 γ=0.35  ce=4.3917 Δ=+0.1430  loss=3.695  gate=0.010  bias=1.349  a_g=0.026 m_g=0.029  [γ 0.35 hold]  1574s
  step 2850 γ=0.35  ce=4.3829 Δ=+0.1342  loss=4.032  gate=0.010  bias=1.361  a_g=0.026 m_g=0.029  [γ 0.35 hold]  1603s
  step 2900 γ=0.35  ce=4.4231 Δ=+0.1744  loss=3.691  gate=0.010  bias=1.377  a_g=0.026 m_g=0.029  [γ 0.35 hold]  1632s
  step 2950 γ=0.35  ce=4.4064 Δ=+0.1577  loss=5.598  gate=0.009  bias=1.389  a_g=0.026 m_g=0.029  [γ 0.35 hold]  1662s
  step 3000 γ=0.35  ce=4.3648 Δ=+0.1161  loss=3.936  gate=0.009  bias=1.403  a_g=0.026 m_g=0.030  [γ 0.35 hold]  1691s
  step 3050 γ=0.35  ce=4.3254 Δ=+0.0767  loss=4.154  gate=0.009  bias=1.416  a_g=0.027 m_g=0.030  [γ 0.35 hold]  1720s
  step 3100 γ=0.35  ce=4.3501 Δ=+0.1014  loss=4.219  gate=0.010  bias=1.428  a_g=0.027 m_g=0.030  [γ 0.35 hold]  1749s
  step 3150 γ=0.35  ce=4.3071 Δ=+0.0584  loss=3.985  gate=0.009  bias=1.441  a_g=0.027 m_g=0.031  [γ 0.35 hold]  1779s
  step 3200 γ=0.35  ce=4.3610 Δ=+0.1123  loss=3.390  gate=0.010  bias=1.452  a_g=0.027 m_g=0.031  [γ 0.35 hold]  1808s
  step 3250 γ=0.35  ce=4.3930 Δ=+0.1443  loss=3.995  gate=0.010  bias=1.462  a_g=0.028 m_g=0.031  [γ 0.35 hold]  1837s
  step 3300 γ=0.35  ce=4.3822 Δ=+0.1335  loss=4.080  gate=0.010  bias=1.476  a_g=0.028 m_g=0.032  [γ 0.35 hold]  1866s
  step 3350 γ=0.35  ce=4.3489 Δ=+0.1002  loss=3.963  gate=0.010  bias=1.487  a_g=0.028 m_g=0.032  [γ 0.35 hold]  1895s
  step 3400 γ=0.35  ce=4.4363 Δ=+0.1876  loss=4.105  gate=0.010  bias=1.500  a_g=0.028 m_g=0.032  [γ 0.35 hold]  1924s
  step 3450 γ=0.35  ce=4.4336 Δ=+0.1849  loss=3.509  gate=0.010  bias=1.512  a_g=0.029 m_g=0.032  [γ 0.35 hold]  1953s
  step 3500 γ=0.35  ce=4.3489 Δ=+0.1002  loss=4.816  gate=0.011  bias=1.519  a_g=0.029 m_g=0.033  [γ 0.35 hold]  1983s
  step 3550 γ=0.35  ce=4.3448 Δ=+0.0961  loss=5.478  gate=0.011  bias=1.531  a_g=0.029 m_g=0.033  [γ 0.35 hold]  2012s
  step 3600 γ=0.35  ce=4.3335 Δ=+0.0848  loss=4.447  gate=0.011  bias=1.541  a_g=0.029 m_g=0.033  [γ 0.35 hold]  2041s
  step 3650 γ=0.35  ce=4.3200 Δ=+0.0713  loss=3.982  gate=0.011  bias=1.551  a_g=0.030 m_g=0.034  [γ 0.35 hold]  2070s
  step 3700 γ=0.35  ce=4.3319 Δ=+0.0832  loss=2.609  gate=0.012  bias=1.561  a_g=0.030 m_g=0.034  [γ 0.35 hold]  2099s
  step 3750 γ=0.35  ce=4.3178 Δ=+0.0691  loss=2.989  gate=0.012  bias=1.572  a_g=0.030 m_g=0.034  [γ 0.35 hold]  2128s
  step 3800 γ=0.35  ce=4.3286 Δ=+0.0799  loss=4.784  gate=0.011  bias=1.585  a_g=0.030 m_g=0.034  [γ 0.35 hold]  2157s
  step 3850 γ=0.40  ce=4.2876 Δ=+0.0389  loss=4.894  gate=0.012  bias=1.595  a_g=0.030 m_g=0.035  [γ 0.35→0.40 +]  2186s
  step 3900 γ=0.30  ce=4.5200 Δ=+0.2713  loss=5.204  gate=0.011  bias=1.612  a_g=0.031 m_g=0.035  [γ 0.40→0.30 −]  2215s
  step 3950 γ=0.35  ce=4.2649 Δ=+0.0162  loss=3.936  gate=0.012  bias=1.615  a_g=0.031 m_g=0.035  [γ 0.30→0.35 +]  2244s
  step 4000 γ=0.35  ce=4.3416 Δ=+0.0929  loss=4.319  gate=0.011  bias=1.627  a_g=0.031 m_g=0.035  [γ 0.35 hold]  2273s
  step 4050 γ=0.35  ce=4.3683 Δ=+0.1196  loss=3.479  gate=0.011  bias=1.636  a_g=0.031 m_g=0.036  [γ 0.35 hold]  2303s
  step 4100 γ=0.35  ce=4.3234 Δ=+0.0747  loss=3.961  gate=0.011  bias=1.647  a_g=0.032 m_g=0.036  [γ 0.35 hold]  2332s
  step 4150 γ=0.35  ce=4.3716 Δ=+0.1229  loss=3.698  gate=0.012  bias=1.655  a_g=0.032 m_g=0.036  [γ 0.35 hold]  2361s
  step 4200 γ=0.35  ce=4.3776 Δ=+0.1289  loss=4.868  gate=0.012  bias=1.665  a_g=0.032 m_g=0.036  [γ 0.35 hold]  2390s
  step 4250 γ=0.35  ce=4.3493 Δ=+0.1006  loss=3.532  gate=0.013  bias=1.675  a_g=0.032 m_g=0.036  [γ 0.35 hold]  2419s
  step 4300 γ=0.35  ce=4.3697 Δ=+0.1210  loss=4.657  gate=0.012  bias=1.685  a_g=0.032 m_g=0.037  [γ 0.35 hold]  2448s
  step 4350 γ=0.35  ce=4.3642 Δ=+0.1155  loss=4.926  gate=0.012  bias=1.694  a_g=0.032 m_g=0.037  [γ 0.35 hold]  2478s
  step 4400 γ=0.35  ce=4.3576 Δ=+0.1089  loss=4.356  gate=0.013  bias=1.704  a_g=0.033 m_g=0.037  [γ 0.35 hold]  2507s
  step 4450 γ=0.35  ce=4.3632 Δ=+0.1145  loss=4.523  gate=0.013  bias=1.713  a_g=0.033 m_g=0.037  [γ 0.35 hold]  2536s
  step 4500 γ=0.35  ce=4.3538 Δ=+0.1051  loss=4.696  gate=0.014  bias=1.722  a_g=0.033 m_g=0.038  [γ 0.35 hold]  2565s
  step 4550 γ=0.40  ce=4.2825 Δ=+0.0338  loss=3.491  gate=0.014  bias=1.732  a_g=0.033 m_g=0.038  [γ 0.35→0.40 +]  2594s
  step 4600 γ=0.30  ce=4.4876 Δ=+0.2389  loss=3.981  gate=0.014  bias=1.747  a_g=0.034 m_g=0.038  [γ 0.40→0.30 −]  2623s
  step 4650 γ=0.35  ce=4.2889 Δ=+0.0402  loss=3.309  gate=0.014  bias=1.751  a_g=0.034 m_g=0.038  [γ 0.30→0.35 +]  2652s
  step 4700 γ=0.35  ce=4.3292 Δ=+0.0805  loss=4.123  gate=0.013  bias=1.760  a_g=0.034 m_g=0.039  [γ 0.35 hold]  2681s
  step 4750 γ=0.35  ce=4.3352 Δ=+0.0865  loss=3.947  gate=0.014  bias=1.769  a_g=0.034 m_g=0.039  [γ 0.35 hold]  2710s
  step 4800 γ=0.35  ce=4.3359 Δ=+0.0872  loss=4.431  gate=0.014  bias=1.780  a_g=0.034 m_g=0.039  [γ 0.35 hold]  2740s
  step 4850 γ=0.35  ce=4.3532 Δ=+0.1045  loss=5.122  gate=0.014  bias=1.790  a_g=0.035 m_g=0.039  [γ 0.35 hold]  2769s
  step 4900 γ=0.35  ce=4.3202 Δ=+0.0715  loss=3.446  gate=0.016  bias=1.799  a_g=0.035 m_g=0.039  [γ 0.35 hold]  2798s
  step 4950 γ=0.35  ce=4.3373 Δ=+0.0886  loss=5.400  gate=0.015  bias=1.807  a_g=0.035 m_g=0.040  [γ 0.35 hold]  2827s
  step 5000 γ=0.35  ce=4.4096 Δ=+0.1609  loss=4.500  gate=0.015  bias=1.814  a_g=0.035 m_g=0.040  [γ 0.35 hold]  2856s

Final γ = 0.35

────────────────────────────────────────────────────────────
SMOKE RESULT:
────────────────────────────────────────────────────────────
  T0             : 4.2487
  γ=0 (lossless) : 4.2487  Δ=+0.000000
  γ=1 raw K=1    : 16.3600  Δ=+12.1113
  Final γ=0.35  : 4.4096  Δ=+0.1609
  Steps = 5000, train tokens = 320000

Saved results/stage212_smoke.json
