/Users/abundancemachine/Exponential-Inference/.venv/lib/python3.9/site-packages/urllib3/__init__.py:35: NotOpenSSLWarning: urllib3 v2 only supports OpenSSL 1.1.1+, currently the 'ssl' module is compiled with 'LibreSSL 2.8.3'. See: https://github.com/urllib3/urllib3/issues/3020
  warnings.warn(
device=mps dtype=torch.float32
Loading OWT corpus...
  val=2048  train=1000000

Measuring T0 (base FP)...
  T0 = 4.2487

Building enabled architecture (LoRA + extra levers)...
  installed: {'n_quantized': 196, 'n_residual_gain_layers': 28, 'n_subln': 56, 'n_head_scaled': 28, 'lora_rank': 32}
  γ=0 verify: ce=4.2487 Δ=+0.000000
  γ=1 verify: ce=16.3600 Δ=+12.1113

Trainable lever params: 20,787,705  (3.37% of model)
  Breakdown:
    bias                    344,064
    subln                   143,416
    h_scale                     448
    residual_gain            57,344
    residual_offset          57,344
    lora                 20,185,088
    logit_tau                     1
Frozen body: 596,049,920

────────────────────────────────────────────────────────────
PID anneal: 5000 steps batch=1 seq=64
────────────────────────────────────────────────────────────
  step   50 γ=0.00  ce=5.5204 Δ=+1.2717  loss=5.768  bias=0.13 loraB=0.80 attnO=0.09 mlpO=0.09 τ=1.009 gate=0.005  [γ 0.00→0.00 −]  29s
  step  100 γ=0.00  ce=5.4958 Δ=+1.2471  loss=4.388  bias=0.16 loraB=1.02 attnO=0.11 mlpO=0.11 τ=1.014 gate=0.008  [γ 0.00→0.00 −]  57s
  step  150 γ=0.00  ce=5.4569 Δ=+1.2082  loss=4.600  bias=0.20 loraB=1.22 attnO=0.14 mlpO=0.13 τ=1.019 gate=0.010  [γ 0.00→0.00 −]  86s
  step  200 γ=0.00  ce=6.3812 Δ=+2.1325  loss=5.268  bias=0.23 loraB=1.38 attnO=0.16 mlpO=0.15 τ=1.023 gate=0.012  [γ 0.00→0.00 −]  114s
  step  250 γ=0.00  ce=5.5184 Δ=+1.2698  loss=5.128  bias=0.27 loraB=1.61 attnO=0.19 mlpO=0.19 τ=1.029 gate=0.017  [γ 0.00→0.00 −]  143s
  step  300 γ=0.00  ce=5.5133 Δ=+1.2646  loss=5.472  bias=0.29 loraB=1.75 attnO=0.21 mlpO=0.21 τ=1.032 gate=0.019  [γ 0.00→0.00 −]  171s
  step  350 γ=0.00  ce=5.8477 Δ=+1.5990  loss=6.930  bias=0.32 loraB=1.86 attnO=0.23 mlpO=0.23 τ=1.034 gate=0.022  [γ 0.00→0.00 −]  201s
  step  400 γ=0.00  ce=8.6668 Δ=+4.4181  loss=8.747  bias=0.37 loraB=2.20 attnO=0.28 mlpO=0.27 τ=1.051 gate=0.029  [γ 0.00→0.00 −]  233s
  step  450 γ=0.00  ce=7.9465 Δ=+3.6978  loss=7.949  bias=0.39 loraB=2.27 attnO=0.29 mlpO=0.29 τ=1.059 gate=0.031  [γ 0.00→0.00 −]  266s
  step  500 γ=0.00  ce=7.8820 Δ=+3.6333  loss=8.644  bias=0.39 loraB=2.27 attnO=0.29 mlpO=0.29 τ=1.060 gate=0.031  [γ 0.00→0.00 −]  302s
  step  550 γ=0.00  ce=7.6916 Δ=+3.4429  loss=9.145  bias=0.39 loraB=2.28 attnO=0.29 mlpO=0.29 τ=1.060 gate=0.031  [γ 0.00→0.00 −]  337s
  step  600 γ=0.00  ce=7.7359 Δ=+3.4872  loss=7.407  bias=0.39 loraB=2.29 attnO=0.29 mlpO=0.29 τ=1.061 gate=0.031  [γ 0.00→0.00 −]  372s
  step  650 γ=0.00  ce=7.7141 Δ=+3.4654  loss=7.435  bias=0.39 loraB=2.29 attnO=0.29 mlpO=0.29 τ=1.061 gate=0.031  [γ 0.00→0.00 −]  406s
  step  700 γ=0.00  ce=7.7372 Δ=+3.4885  loss=7.708  bias=0.39 loraB=2.29 attnO=0.29 mlpO=0.29 τ=1.063 gate=0.032  [γ 0.00→0.00 −]  441s
  step  750 γ=0.00  ce=7.7226 Δ=+3.4739  loss=7.893  bias=0.39 loraB=2.29 attnO=0.29 mlpO=0.29 τ=1.063 gate=0.032  [γ 0.00→0.00 −]  476s
  step  800 γ=0.00  ce=7.6491 Δ=+3.4004  loss=7.616  bias=0.39 loraB=2.30 attnO=0.30 mlpO=0.29 τ=1.063 gate=0.032  [γ 0.00→0.00 −]  511s
  step  850 γ=0.00  ce=7.6676 Δ=+3.4189  loss=7.342  bias=0.39 loraB=2.30 attnO=0.30 mlpO=0.29 τ=1.065 gate=0.032  [γ 0.00→0.00 −]  546s
  step  900 γ=0.00  ce=7.6452 Δ=+3.3965  loss=7.978  bias=0.40 loraB=2.30 attnO=0.30 mlpO=0.29 τ=1.066 gate=0.033  [γ 0.00→0.00 −]  581s
  step  950 γ=0.00  ce=7.6492 Δ=+3.4005  loss=6.928  bias=0.40 loraB=2.31 attnO=0.30 mlpO=0.29 τ=1.068 gate=0.033  [γ 0.00→0.00 −]  616s
  step 1000 γ=0.00  ce=7.6831 Δ=+3.4344  loss=7.269  bias=0.40 loraB=2.31 attnO=0.30 mlpO=0.29 τ=1.068 gate=0.033  [γ 0.00→0.00 −]  651s
  step 1050 γ=0.00  ce=7.5764 Δ=+3.3277  loss=7.320  bias=0.40 loraB=2.31 attnO=0.30 mlpO=0.29 τ=1.069 gate=0.034  [γ 0.00→0.00 −]  686s
  step 1100 γ=0.00  ce=7.4659 Δ=+3.2172  loss=7.319  bias=0.40 loraB=2.32 attnO=0.30 mlpO=0.29 τ=1.069 gate=0.034  [γ 0.00→0.00 −]  722s
  step 1150 γ=0.00  ce=7.5675 Δ=+3.3188  loss=7.663  bias=0.40 loraB=2.32 attnO=0.30 mlpO=0.30 τ=1.070 gate=0.035  [γ 0.00→0.00 −]  757s
  step 1200 γ=0.00  ce=7.7992 Δ=+3.5505  loss=8.293  bias=0.41 loraB=2.41 attnO=0.31 mlpO=0.30 τ=1.075 gate=0.035  [γ 0.00→0.00 −]  793s
  step 1250 γ=0.00  ce=7.5122 Δ=+3.2635  loss=6.747  bias=0.42 loraB=2.47 attnO=0.31 mlpO=0.30 τ=1.076 gate=0.036  [γ 0.00→0.00 −]  830s
  step 1300 γ=0.00  ce=7.4915 Δ=+3.2428  loss=7.991  bias=0.42 loraB=2.48 attnO=0.31 mlpO=0.31 τ=1.076 gate=0.036  [γ 0.00→0.00 −]  866s
  step 1350 γ=0.00  ce=7.3844 Δ=+3.1357  loss=7.781  bias=0.42 loraB=2.48 attnO=0.31 mlpO=0.31 τ=1.077 gate=0.037  [γ 0.00→0.00 −]  903s
  step 1400 γ=0.00  ce=7.2555 Δ=+3.0068  loss=7.033  bias=0.42 loraB=2.49 attnO=0.31 mlpO=0.31 τ=1.076 gate=0.038  [γ 0.00→0.00 −]  940s
  step 1450 γ=0.00  ce=7.1752 Δ=+2.9265  loss=8.729  bias=0.43 loraB=2.50 attnO=0.32 mlpO=0.31 τ=1.077 gate=0.039  [γ 0.00→0.00 −]  977s
  step 1500 γ=0.00  ce=7.4945 Δ=+3.2458  loss=7.356  bias=0.43 loraB=2.53 attnO=0.32 mlpO=0.31 τ=1.078 gate=0.040  [γ 0.00→0.00 −]  1018s
  step 1550 γ=0.00  ce=7.5193 Δ=+3.2706  loss=7.458  bias=0.44 loraB=2.55 attnO=0.32 mlpO=0.32 τ=1.080 gate=0.042  [γ 0.00→0.00 −]  1061s
  step 1600 γ=0.00  ce=7.3580 Δ=+3.1093  loss=8.017  bias=0.44 loraB=2.55 attnO=0.32 mlpO=0.32 τ=1.081 gate=0.042  [γ 0.00→0.00 −]  1101s
  step 1650 γ=0.00  ce=7.3180 Δ=+3.0693  loss=7.826  bias=0.44 loraB=2.56 attnO=0.33 mlpO=0.32 τ=1.081 gate=0.043  [γ 0.00→0.00 −]  1139s
  step 1700 γ=0.00  ce=7.2530 Δ=+3.0043  loss=7.362  bias=0.44 loraB=2.57 attnO=0.33 mlpO=0.32 τ=1.083 gate=0.044  [γ 0.00→0.00 −]  1178s
  step 1750 γ=0.00  ce=7.2203 Δ=+2.9716  loss=7.143  bias=0.44 loraB=2.57 attnO=0.33 mlpO=0.32 τ=1.083 gate=0.044  [γ 0.00→0.00 −]  1215s
  step 1800 γ=0.00  ce=7.4120 Δ=+3.1633  loss=7.932  bias=0.44 loraB=2.58 attnO=0.33 mlpO=0.32 τ=1.083 gate=0.045  [γ 0.00→0.00 −]  1253s
  step 1850 γ=0.00  ce=7.0351 Δ=+2.7864  loss=6.766  bias=0.45 loraB=2.59 attnO=0.34 mlpO=0.33 τ=1.084 gate=0.047  [γ 0.00→0.00 −]  1291s
  step 1900 γ=0.00  ce=7.0512 Δ=+2.8025  loss=9.843  bias=0.45 loraB=2.60 attnO=0.34 mlpO=0.33 τ=1.083 gate=0.048  [γ 0.00→0.00 −]  1329s
  step 1950 γ=0.00  ce=6.9449 Δ=+2.6962  loss=6.242  bias=0.45 loraB=2.62 attnO=0.34 mlpO=0.33 τ=1.084 gate=0.050  [γ 0.00→0.00 −]  1367s
  step 2000 γ=0.00  ce=6.7557 Δ=+2.5070  loss=5.795  bias=0.46 loraB=2.63 attnO=0.34 mlpO=0.34 τ=1.084 gate=0.051  [γ 0.00→0.00 −]  1405s
  step 2050 γ=0.00  ce=6.8218 Δ=+2.5731  loss=5.954  bias=0.46 loraB=2.65 attnO=0.35 mlpO=0.34 τ=1.084 gate=0.052  [γ 0.00→0.00 −]  1443s
  step 2100 γ=0.00  ce=6.8021 Δ=+2.5534  loss=6.266  bias=0.47 loraB=2.67 attnO=0.35 mlpO=0.34 τ=1.084 gate=0.053  [γ 0.00→0.00 −]  1482s
  step 2150 γ=0.00  ce=6.6584 Δ=+2.4097  loss=5.476  bias=0.47 loraB=2.69 attnO=0.36 mlpO=0.35 τ=1.085 gate=0.056  [γ 0.00→0.00 −]  1520s
  step 2200 γ=0.00  ce=6.5625 Δ=+2.3139  loss=7.044  bias=0.48 loraB=2.72 attnO=0.36 mlpO=0.35 τ=1.086 gate=0.058  [γ 0.00→0.00 −]  1557s
  step 2250 γ=0.00  ce=6.6357 Δ=+2.3870  loss=6.297  bias=0.49 loraB=2.74 attnO=0.37 mlpO=0.36 τ=1.087 gate=0.060  [γ 0.00→0.00 −]  1596s
  step 2300 γ=0.00  ce=6.6161 Δ=+2.3674  loss=6.304  bias=0.49 loraB=2.77 attnO=0.37 mlpO=0.36 τ=1.087 gate=0.061  [γ 0.00→0.00 −]  1633s
  step 2350 γ=0.00  ce=6.3727 Δ=+2.1240  loss=6.208  bias=0.50 loraB=2.79 attnO=0.38 mlpO=0.37 τ=1.089 gate=0.063  [γ 0.00→0.00 −]  1672s
  step 2400 γ=0.00  ce=6.5542 Δ=+2.3055  loss=6.906  bias=0.50 loraB=2.83 attnO=0.38 mlpO=0.37 τ=1.089 gate=0.065  [γ 0.00→0.00 −]  1710s
  step 2450 γ=0.00  ce=6.3453 Δ=+2.0966  loss=6.506  bias=0.51 loraB=2.87 attnO=0.39 mlpO=0.38 τ=1.089 gate=0.067  [γ 0.00→0.00 −]  1748s
  step 2500 γ=0.00  ce=6.3381 Δ=+2.0894  loss=6.589  bias=0.52 loraB=2.90 attnO=0.40 mlpO=0.38 τ=1.089 gate=0.070  [γ 0.00→0.00 −]  1786s
  step 2550 γ=0.00  ce=6.2204 Δ=+1.9717  loss=6.544  bias=0.53 loraB=2.93 attnO=0.40 mlpO=0.39 τ=1.090 gate=0.071  [γ 0.00→0.00 −]  1825s
  step 2600 γ=0.00  ce=6.2164 Δ=+1.9677  loss=6.652  bias=0.54 loraB=2.98 attnO=0.41 mlpO=0.40 τ=1.089 gate=0.074  [γ 0.00→0.00 −]  1862s
  step 2650 γ=0.00  ce=6.3741 Δ=+2.1254  loss=6.627  bias=0.55 loraB=3.02 attnO=0.42 mlpO=0.40 τ=1.091 gate=0.076  [γ 0.00→0.00 −]  1900s
  step 2700 γ=0.00  ce=6.2898 Δ=+2.0411  loss=5.227  bias=0.56 loraB=3.06 attnO=0.42 mlpO=0.41 τ=1.092 gate=0.078  [γ 0.00→0.00 −]  1937s
  step 2750 γ=0.00  ce=6.4104 Δ=+2.1617  loss=4.797  bias=0.56 loraB=3.10 attnO=0.43 mlpO=0.42 τ=1.091 gate=0.081  [γ 0.00→0.00 −]  1975s
  step 2800 γ=0.00  ce=6.3798 Δ=+2.1311  loss=6.002  bias=0.57 loraB=3.14 attnO=0.43 mlpO=0.42 τ=1.092 gate=0.083  [γ 0.00→0.00 −]  2013s
  step 2850 γ=0.00  ce=6.2592 Δ=+2.0105  loss=6.730  bias=0.58 loraB=3.18 attnO=0.44 mlpO=0.43 τ=1.091 gate=0.085  [γ 0.00→0.00 −]  2051s
  step 2900 γ=0.00  ce=6.1797 Δ=+1.9310  loss=8.052  bias=0.59 loraB=3.22 attnO=0.45 mlpO=0.43 τ=1.092 gate=0.088  [γ 0.00→0.00 −]  2088s
  step 2950 γ=0.00  ce=6.1878 Δ=+1.9391  loss=7.164  bias=0.60 loraB=3.27 attnO=0.46 mlpO=0.44 τ=1.094 gate=0.090  [γ 0.00→0.00 −]  2126s
  step 3000 γ=0.00  ce=6.1018 Δ=+1.8531  loss=5.413  bias=0.61 loraB=3.31 attnO=0.46 mlpO=0.45 τ=1.094 gate=0.093  [γ 0.00→0.00 −]  2168s
  step 3050 γ=0.00  ce=6.0702 Δ=+1.8215  loss=6.356  bias=0.62 loraB=3.35 attnO=0.47 mlpO=0.46 τ=1.094 gate=0.096  [γ 0.00→0.00 −]  2208s
  step 3100 γ=0.00  ce=6.1422 Δ=+1.8935  loss=6.138  bias=0.63 loraB=3.40 attnO=0.48 mlpO=0.46 τ=1.095 gate=0.099  [γ 0.00→0.00 −]  2247s
  step 3150 γ=0.00  ce=6.0834 Δ=+1.8347  loss=5.531  bias=0.64 loraB=3.45 attnO=0.49 mlpO=0.47 τ=1.095 gate=0.101  [γ 0.00→0.00 −]  2287s
  step 3200 γ=0.00  ce=6.1254 Δ=+1.8767  loss=5.347  bias=0.65 loraB=3.49 attnO=0.49 mlpO=0.48 τ=1.095 gate=0.104  [γ 0.00→0.00 −]  2328s
  step 3250 γ=0.00  ce=6.1102 Δ=+1.8615  loss=6.335  bias=0.66 loraB=3.53 attnO=0.50 mlpO=0.49 τ=1.095 gate=0.107  [γ 0.00→0.00 −]  2368s
  step 3300 γ=0.00  ce=5.9819 Δ=+1.7332  loss=6.190  bias=0.67 loraB=3.58 attnO=0.51 mlpO=0.49 τ=1.097 gate=0.111  [γ 0.00→0.00 −]  2408s
  step 3350 γ=0.00  ce=5.9828 Δ=+1.7341  loss=5.576  bias=0.68 loraB=3.62 attnO=0.51 mlpO=0.50 τ=1.096 gate=0.113  [γ 0.00→0.00 −]  2446s
  step 3400 γ=0.00  ce=6.3981 Δ=+2.1494  loss=5.878  bias=0.69 loraB=3.67 attnO=0.53 mlpO=0.51 τ=1.098 gate=0.116  [γ 0.00→0.00 −]  2484s
  step 3450 γ=0.00  ce=6.1425 Δ=+1.8938  loss=6.235  bias=0.70 loraB=3.72 attnO=0.53 mlpO=0.52 τ=1.099 gate=0.119  [γ 0.00→0.00 −]  2521s
  step 3500 γ=0.00  ce=6.0751 Δ=+1.8264  loss=6.057  bias=0.71 loraB=3.75 attnO=0.54 mlpO=0.52 τ=1.098 gate=0.121  [γ 0.00→0.00 −]  2557s
  step 3550 γ=0.00  ce=5.9984 Δ=+1.7497  loss=7.365  bias=0.72 loraB=3.80 attnO=0.55 mlpO=0.53 τ=1.098 gate=0.124  [γ 0.00→0.00 −]  2593s
  step 3600 γ=0.00  ce=6.2940 Δ=+2.0453  loss=6.585  bias=0.73 loraB=3.85 attnO=0.56 mlpO=0.54 τ=1.101 gate=0.127  [γ 0.00→0.00 −]  2630s
  step 3650 γ=0.00  ce=6.0498 Δ=+1.8011  loss=5.490  bias=0.74 loraB=3.89 attnO=0.56 mlpO=0.54 τ=1.100 gate=0.130  [γ 0.00→0.00 −]  2666s
  step 3700 γ=0.00  ce=6.0570 Δ=+1.8083  loss=5.048  bias=0.75 loraB=3.92 attnO=0.57 mlpO=0.55 τ=1.100 gate=0.133  [γ 0.00→0.00 −]  2701s
  step 3750 γ=0.00  ce=6.0664 Δ=+1.8177  loss=4.720  bias=0.76 loraB=3.97 attnO=0.58 mlpO=0.56 τ=1.101 gate=0.137  [γ 0.00→0.00 −]  2735s
  step 3800 γ=0.00  ce=6.1123 Δ=+1.8636  loss=6.618  bias=0.77 loraB=4.02 attnO=0.58 mlpO=0.57 τ=1.103 gate=0.140  [γ 0.00→0.00 −]  2767s
  step 3850 γ=0.00  ce=6.0079 Δ=+1.7592  loss=6.594  bias=0.78 loraB=4.06 attnO=0.59 mlpO=0.57 τ=1.103 gate=0.144  [γ 0.00→0.00 −]  2800s
  step 3900 γ=0.00  ce=6.1040 Δ=+1.8553  loss=6.574  bias=0.79 loraB=4.12 attnO=0.60 mlpO=0.58 τ=1.105 gate=0.148  [γ 0.00→0.00 −]  2833s
  step 3950 γ=0.00  ce=6.0793 Δ=+1.8306  loss=5.859  bias=0.79 loraB=4.16 attnO=0.61 mlpO=0.59 τ=1.105 gate=0.152  [γ 0.00→0.00 −]  2867s
  step 4000 γ=0.00  ce=6.1216 Δ=+1.8729  loss=6.166  bias=0.80 loraB=4.19 attnO=0.62 mlpO=0.60 τ=1.106 gate=0.155  [γ 0.00→0.00 −]  2902s
  step 4050 γ=0.00  ce=6.0146 Δ=+1.7659  loss=5.839  bias=0.81 loraB=4.21 attnO=0.62 mlpO=0.60 τ=1.107 gate=0.158  [γ 0.00→0.00 −]  2940s
  step 4100 γ=0.00  ce=5.9430 Δ=+1.6943  loss=6.735  bias=0.82 loraB=4.25 attnO=0.63 mlpO=0.61 τ=1.106 gate=0.161  [γ 0.00→0.00 −]  2975s
  step 4150 γ=0.00  ce=5.9637 Δ=+1.7150  loss=5.966  bias=0.82 loraB=4.28 attnO=0.63 mlpO=0.61 τ=1.106 gate=0.164  [γ 0.00→0.00 −]  3009s
  step 4200 γ=0.00  ce=5.9758 Δ=+1.7271  loss=5.950  bias=0.83 loraB=4.31 attnO=0.64 mlpO=0.62 τ=1.105 gate=0.166  [γ 0.00→0.00 −]  3042s
  step 4250 γ=0.00  ce=6.0110 Δ=+1.7623  loss=5.335  bias=0.84 loraB=4.35 attnO=0.64 mlpO=0.62 τ=1.106 gate=0.168  [γ 0.00→0.00 −]  3076s
  step 4300 γ=0.00  ce=5.9118 Δ=+1.6631  loss=6.609  bias=0.85 loraB=4.40 attnO=0.65 mlpO=0.63 τ=1.107 gate=0.172  [γ 0.00→0.00 −]  3110s
  step 4350 γ=0.00  ce=5.8387 Δ=+1.5900  loss=7.736  bias=0.86 loraB=4.44 attnO=0.66 mlpO=0.64 τ=1.107 gate=0.175  [γ 0.00→0.00 −]  3144s
  step 4400 γ=0.00  ce=6.0355 Δ=+1.7868  loss=5.416  bias=0.87 loraB=4.51 attnO=0.67 mlpO=0.65 τ=1.111 gate=0.179  [γ 0.00→0.00 −]  3179s
  step 4450 γ=0.00  ce=5.9916 Δ=+1.7429  loss=5.710  bias=0.88 loraB=4.55 attnO=0.68 mlpO=0.66 τ=1.111 gate=0.182  [γ 0.00→0.00 −]  3214s
  step 4500 γ=0.00  ce=6.0015 Δ=+1.7528  loss=5.928  bias=0.89 loraB=4.58 attnO=0.69 mlpO=0.67 τ=1.112 gate=0.186  [γ 0.00→0.00 −]  3250s
  step 4550 γ=0.00  ce=5.9009 Δ=+1.6522  loss=6.475  bias=0.90 loraB=4.61 attnO=0.69 mlpO=0.67 τ=1.112 gate=0.188  [γ 0.00→0.00 −]  3285s
  step 4600 γ=0.00  ce=6.0208 Δ=+1.7721  loss=5.641  bias=0.91 loraB=4.65 attnO=0.70 mlpO=0.68 τ=1.113 gate=0.191  [γ 0.00→0.00 −]  3321s
  step 4650 γ=0.00  ce=6.0240 Δ=+1.7753  loss=4.749  bias=0.91 loraB=4.68 attnO=0.70 mlpO=0.68 τ=1.112 gate=0.193  [γ 0.00→0.00 −]  3358s
  step 4700 γ=0.00  ce=6.0472 Δ=+1.7985  loss=5.630  bias=0.92 loraB=4.72 attnO=0.71 mlpO=0.69 τ=1.112 gate=0.196  [γ 0.00→0.00 −]  3394s
  step 4750 γ=0.00  ce=6.0680 Δ=+1.8193  loss=5.680  bias=0.93 loraB=4.76 attnO=0.72 mlpO=0.69 τ=1.114 gate=0.199  [γ 0.00→0.00 −]  3430s
  step 4800 γ=0.00  ce=5.9460 Δ=+1.6973  loss=5.785  bias=0.94 loraB=4.79 attnO=0.72 mlpO=0.70 τ=1.115 gate=0.202  [γ 0.00→0.00 −]  3465s
  step 4850 γ=0.00  ce=6.0079 Δ=+1.7592  loss=6.599  bias=0.95 loraB=4.82 attnO=0.73 mlpO=0.70 τ=1.114 gate=0.205  [γ 0.00→0.00 −]  3501s
  step 4900 γ=0.00  ce=6.0855 Δ=+1.8368  loss=5.187  bias=0.95 loraB=4.85 attnO=0.73 mlpO=0.71 τ=1.112 gate=0.208  [γ 0.00→0.00 −]  3538s
  step 4950 γ=0.00  ce=5.9438 Δ=+1.6951  loss=6.651  bias=0.96 loraB=4.89 attnO=0.74 mlpO=0.72 τ=1.114 gate=0.211  [γ 0.00→0.00 −]  3574s
  step 5000 γ=0.00  ce=5.9407 Δ=+1.6920  loss=6.637  bias=0.97 loraB=4.93 attnO=0.75 mlpO=0.72 τ=1.114 gate=0.214  [γ 0.00→0.00 −]  3610s

Final γ = 0.00

────────────────────────────────────────────────────────────
STAGE 213-A RESULT (LoRA + more levers):
────────────────────────────────────────────────────────────
  T0             : 4.2487
  γ=0 (lossless) : 4.2487  Δ=+0.000000
  γ=1 raw K=1    : 16.3600  Δ=+12.1113
  Final γ=0.00  : 5.9407  Δ=+1.6920
  Stage 212 ref  : γ=0.35, Δ=+0.161  (capacity 545K)
  Stage 213-A    : γ=0.00, Δ=+1.6920  (capacity 20,787,705)
  Steps = 5000, train tokens = 320000

  Verdict: REGRESSED: γ saturated below Stage 212's 0.35. Optimization issue — perhaps LR too high for new lever group.

Saved results/stage213_lora_levers.json
