/Users/abundancemachine/Exponential-Inference/.venv/lib/python3.9/site-packages/urllib3/__init__.py:35: NotOpenSSLWarning: urllib3 v2 only supports OpenSSL 1.1.1+, currently the 'ssl' module is compiled with 'LibreSSL 2.8.3'. See: https://github.com/urllib3/urllib3/issues/3020
  warnings.warn(
device=mps dtype=torch.float32
Loading OWT corpus...

Measuring T0 (base FP)...
  T0 = 4.2487  intermediate_size=3072

Building architecture (MLP-only + β_g + FF intermediate gain)...
  installed: {'n_quantized': 84, 'n_residual_gain_layers': 28, 'n_subln': 28, 'n_beta_g_total': 2064384, 'n_ff_intermediate': 28}
  γ=0 verify: ce=4.2487 Δ=+0.000000  K=1 initial: +11.5577

Body MLP master:    264,241,152
β_g (Bonsai):       2,064,384
Compensation levers: 487,453
Total trainable:    266,792,989

────────────────────────────────────────────────────────────
Stage 220 — combined recipe, all levers open, γ PID 0→0.95
  λ_bimodal=0.01  λ_variance=0.01
  Body LR=2e-05  Lever LR=0.0005  Beta LR=0.0005
────────────────────────────────────────────────────────────
  step   50 γ=0.048 ce=4.1612 Δ=-0.0875 loss=4.477  176s
  step  100 γ=0.048 ce=4.3111 Δ=+0.0624 loss=3.465  342s
  step  150 γ=0.095 ce=4.2033 Δ=-0.0454 loss=3.415  501s
  step  200 γ=0.143 ce=4.2349 Δ=-0.0138 loss=3.331  659s
  step  250 γ=0.143 ce=4.3816 Δ=+0.1329 loss=3.152  795s
  step  300 γ=0.143 ce=4.3492 Δ=+0.1005 loss=4.139  926s
  step  350 γ=0.143 ce=4.3484 Δ=+0.0997 loss=5.781  1053s
  step  400 γ=0.190 ce=4.2680 Δ=+0.0193 loss=5.380  1176s
  step  450 γ=0.143 ce=4.4496 Δ=+0.2009 loss=4.281  1300s
  step  500 γ=0.143 ce=4.4067 Δ=+0.1580 loss=5.372  1438s
  ── step  500 K=1 DIAG: drift=+11.7118  (initial: +11.5577, best so far: +11.5577)
  step  550 γ=0.143 ce=4.3702 Δ=+0.1215 loss=5.005  1568s
  step  600 γ=0.143 ce=4.3333 Δ=+0.0846 loss=3.891  1713s
  step  650 γ=0.143 ce=4.3400 Δ=+0.0913 loss=3.518  1837s
  step  700 γ=0.143 ce=4.3560 Δ=+0.1073 loss=4.362  1963s
  step  750 γ=0.190 ce=4.2713 Δ=+0.0226 loss=3.767  2099s
  step  800 γ=0.143 ce=4.4520 Δ=+0.2033 loss=4.494  2219s
  step  850 γ=0.143 ce=4.4335 Δ=+0.1848 loss=4.135  2348s
  step  900 γ=0.143 ce=4.4039 Δ=+0.1552 loss=3.814  2476s
  step  950 γ=0.143 ce=4.3879 Δ=+0.1392 loss=3.822  2617s
  step 1000 γ=0.143 ce=4.4066 Δ=+0.1579 loss=3.681  2745s
  ── step 1000 K=1 DIAG: drift=+10.7669  (initial: +11.5577, best so far: +10.7669) ⭐
  step 1050 γ=0.143 ce=4.4012 Δ=+0.1525 loss=3.233  2878s
  step 1100 γ=0.190 ce=4.2802 Δ=+0.0315 loss=3.798  3008s
  step 1150 γ=0.143 ce=4.5250 Δ=+0.2763 loss=4.556  3145s
  step 1200 γ=0.143 ce=4.3586 Δ=+0.1099 loss=4.975  3277s
  step 1250 γ=0.190 ce=4.2898 Δ=+0.0411 loss=3.965  3406s
  step 1300 γ=0.143 ce=4.5099 Δ=+0.2612 loss=5.410  3538s
  step 1350 γ=0.143 ce=4.3458 Δ=+0.0971 loss=4.954  3694s
  step 1400 γ=0.143 ce=4.3935 Δ=+0.1448 loss=4.241  3819s
  step 1450 γ=0.190 ce=4.2681 Δ=+0.0194 loss=3.695  3939s
  step 1500 γ=0.190 ce=4.3922 Δ=+0.1435 loss=4.812  4073s
  ── step 1500 K=1 DIAG: drift=+9.6184  (initial: +11.5577, best so far: +9.6184) ⭐
  step 1550 γ=0.190 ce=4.4345 Δ=+0.1858 loss=3.265  4213s
  step 1600 γ=0.143 ce=4.4861 Δ=+0.2375 loss=4.952  4373s
  step 1650 γ=0.143 ce=4.3167 Δ=+0.0680 loss=4.277  4506s
  step 1700 γ=0.190 ce=4.2900 Δ=+0.0413 loss=3.184  4640s
  step 1750 γ=0.190 ce=4.3199 Δ=+0.0712 loss=4.295  4783s
  step 1800 γ=0.190 ce=4.3588 Δ=+0.1101 loss=4.604  4915s
  step 1850 γ=0.190 ce=4.3253 Δ=+0.0766 loss=5.055  5058s
  step 1900 γ=0.190 ce=4.3204 Δ=+0.0717 loss=4.350  5203s
  step 1950 γ=0.190 ce=4.3862 Δ=+0.1375 loss=4.025  5340s
  step 2000 γ=0.190 ce=4.3766 Δ=+0.1279 loss=4.280  5477s
  ── step 2000 K=1 DIAG: drift=+9.3743  (initial: +11.5577, best so far: +9.3743) ⭐
  step 2050 γ=0.190 ce=4.3633 Δ=+0.1146 loss=3.318  5625s
  step 2100 γ=0.237 ce=4.2762 Δ=+0.0275 loss=3.408  5775s
  step 2150 γ=0.237 ce=4.4402 Δ=+0.1915 loss=3.907  5916s
  step 2200 γ=0.237 ce=4.4352 Δ=+0.1865 loss=4.333  6063s
  step 2250 γ=0.237 ce=4.4102 Δ=+0.1615 loss=3.681  6199s
  step 2300 γ=0.237 ce=4.4248 Δ=+0.1761 loss=4.229  6337s
  step 2350 γ=0.190 ce=4.4636 Δ=+0.2149 loss=3.832  6489s
  step 2400 γ=0.190 ce=4.3928 Δ=+0.1441 loss=2.918  6631s
  step 2450 γ=0.190 ce=4.3013 Δ=+0.0526 loss=3.969  6781s
  step 2500 γ=0.190 ce=4.3525 Δ=+0.1038 loss=4.557  6925s
  ── step 2500 K=1 DIAG: drift=+9.9758  (initial: +11.5577, best so far: +9.3743)
  step 2550 γ=0.190 ce=4.3211 Δ=+0.0724 loss=4.329  7068s
  step 2600 γ=0.190 ce=4.3059 Δ=+0.0572 loss=3.829  7218s
  step 2650 γ=0.143 ce=4.4559 Δ=+0.2072 loss=2.923  7395s
  step 2700 γ=0.190 ce=4.2955 Δ=+0.0468 loss=3.659  7542s
  step 2750 γ=0.190 ce=4.3447 Δ=+0.0960 loss=2.961  7681s
  step 2800 γ=0.190 ce=4.3891 Δ=+0.1404 loss=2.440  7832s
  step 2850 γ=0.190 ce=4.3740 Δ=+0.1253 loss=4.207  7977s
  step 2900 γ=0.190 ce=4.3885 Δ=+0.1398 loss=3.201  8124s
  step 2950 γ=0.190 ce=4.3403 Δ=+0.0916 loss=5.369  8262s
  step 3000 γ=0.237 ce=4.2716 Δ=+0.0229 loss=3.952  8394s
  ── step 3000 K=1 DIAG: drift=+10.0139  (initial: +11.5577, best so far: +9.3743)
  step 3050 γ=0.190 ce=4.4502 Δ=+0.2015 loss=3.777  8532s
  step 3100 γ=0.190 ce=4.3820 Δ=+0.1333 loss=4.173  8677s
  step 3150 γ=0.190 ce=4.3723 Δ=+0.1236 loss=4.116  8820s
  step 3200 γ=0.190 ce=4.3884 Δ=+0.1397 loss=3.254  8971s
  step 3250 γ=0.190 ce=4.3968 Δ=+0.1481 loss=3.589  9114s
  step 3300 γ=0.237 ce=4.2611 Δ=+0.0124 loss=4.076  9247s
  step 3350 γ=0.237 ce=4.4450 Δ=+0.1963 loss=3.779  9389s
  step 3400 γ=0.190 ce=4.4748 Δ=+0.2261 loss=3.594  9544s
  step 3450 γ=0.190 ce=4.3578 Δ=+0.1091 loss=3.026  9677s
  step 3500 γ=0.237 ce=4.2762 Δ=+0.0275 loss=4.471  9822s
  ── step 3500 K=1 DIAG: drift=+10.9636  (initial: +11.5577, best so far: +9.3743)
  step 3550 γ=0.237 ce=4.3586 Δ=+0.1099 loss=5.485  9968s
  step 3600 γ=0.237 ce=4.3927 Δ=+0.1440 loss=3.106  10112s
  step 3650 γ=0.237 ce=4.4344 Δ=+0.1857 loss=3.799  10252s
  step 3700 γ=0.190 ce=4.4550 Δ=+0.2063 loss=0.773  10405s
  step 3750 γ=0.237 ce=4.2609 Δ=+0.0122 loss=2.300  10544s
  step 3800 γ=0.190 ce=4.4603 Δ=+0.2116 loss=4.960  10680s
  step 3850 γ=0.190 ce=4.3212 Δ=+0.0725 loss=4.228  10816s
  step 3900 γ=0.190 ce=4.3494 Δ=+0.1007 loss=4.061  10978s
  step 3950 γ=0.190 ce=4.3492 Δ=+0.1005 loss=3.934  11120s
  step 4000 γ=0.190 ce=4.3816 Δ=+0.1330 loss=4.168  11267s
  ── step 4000 K=1 DIAG: drift=+12.0234  (initial: +11.5577, best so far: +9.3743)
  step 4050 γ=0.190 ce=4.3925 Δ=+0.1438 loss=3.333  11423s
  step 4100 γ=0.190 ce=4.3061 Δ=+0.0574 loss=4.074  11619s
  step 4150 γ=0.190 ce=4.3688 Δ=+0.1201 loss=3.784  11766s
  step 4200 γ=0.190 ce=4.3630 Δ=+0.1143 loss=4.648  11909s
  step 4250 γ=0.190 ce=4.3365 Δ=+0.0878 loss=3.248  12044s
  step 4300 γ=0.190 ce=4.3172 Δ=+0.0685 loss=4.766  12268s
  step 4350 γ=0.190 ce=4.3809 Δ=+0.1322 loss=4.769  12408s
  step 4400 γ=0.190 ce=4.3549 Δ=+0.1062 loss=4.129  12542s
  step 4450 γ=0.190 ce=4.3462 Δ=+0.0975 loss=3.619  12683s
  step 4500 γ=0.190 ce=4.3122 Δ=+0.0635 loss=4.898  12824s
  ── step 4500 K=1 DIAG: drift=+11.8094  (initial: +11.5577, best so far: +9.3743)
  step 4550 γ=0.190 ce=4.3275 Δ=+0.0788 loss=3.650  12963s
  step 4600 γ=0.190 ce=4.3564 Δ=+0.1077 loss=3.647  13110s
  step 4650 γ=0.190 ce=4.4428 Δ=+0.1941 loss=3.402  13256s
  step 4700 γ=0.190 ce=4.4177 Δ=+0.1690 loss=3.593  13408s
  step 4750 γ=0.190 ce=4.3128 Δ=+0.0641 loss=3.919  13550s
  step 4800 γ=0.190 ce=4.3210 Δ=+0.0723 loss=4.210  13689s
  step 4850 γ=0.190 ce=4.3215 Δ=+0.0728 loss=4.835  13826s
  step 4900 γ=0.190 ce=4.3932 Δ=+0.1445 loss=3.178  13958s
  step 4950 γ=0.190 ce=4.3988 Δ=+0.1501 loss=5.419  14109s
  step 5000 γ=0.190 ce=4.4464 Δ=+0.1977 loss=4.510  14250s
  ── step 5000 K=1 DIAG: drift=+11.4150  (initial: +11.5577, best so far: +9.3743)

Final: forcing γ=1.0 for K=1 measurement...

────────────────────────────────────────────────────────────
STAGE 220 RESULT (combined, all levers, FF intermediate gain):
────────────────────────────────────────────────────────────
  T0:                4.2487
  K=1 initial drift: +11.5577
  Final γ:           0.190
  Final K=1 drift:   +11.4150
  Best K=1 seen:     +9.3743
  Total reduction (final): +0.1427 nats (1.2%)
  Total reduction (best):  +2.1835 nats (18.9%)

  Stage comparison:
    Stage 218 (best):   −3.85 nats
    Stage 219 (final):  −2.47 nats
    Stage 220 (this):   -2.18 nats

Saved results/stage220_combined_all_levers.json
